{
  "stats": {
    "suites": 1,
    "tests": 7,
    "passes": 7,
    "pending": 0,
    "failures": 0,
    "start": "2019-07-30T09:40:23.089Z",
    "end": "2019-07-30T09:40:23.162Z",
    "duration": 73,
    "testsRegistered": 7,
    "passPercent": 100,
    "pendingPercent": 0,
    "other": 0,
    "hasOther": false,
    "skipped": 0,
    "hasSkipped": false,
    "passPercentClass": "success",
    "pendingPercentClass": "danger"
  },
  "suites": {
    "uuid": "f3198966-99db-4650-88b0-d557ab0db0f4",
    "title": "",
    "fullFile": "",
    "file": "",
    "beforeHooks": [],
    "afterHooks": [],
    "tests": [],
    "suites": [
      {
        "uuid": "086e25e2-366c-4131-aa95-f9d4e38d91f3",
        "title": "Couchbase module test",
        "fullFile": "/work/project/couchbase-lib/tests/couchdb-test.js",
        "file": "/tests/couchdb-test.js",
        "beforeHooks": [],
        "afterHooks": [],
        "tests": [
          {
            "title": "couchdb insert action test",
            "fullTitle": "Couchbase module test couchdb insert action test",
            "timedOut": false,
            "duration": 8,
            "state": "passed",
            "speed": "fast",
            "pass": true,
            "fail": false,
            "pending": false,
            "code": "couchbase.insert('parent_999999', {\n    table_type: 'parent',\n    sku: '999999',\n    ean: '999999'\n}).then(result => {\n    done();\n});",
            "err": {},
            "isRoot": false,
            "uuid": "7af69384-2553-41a5-9fee-1b9d1d2b0fcd",
            "isHook": false,
            "skipped": false
          },
          {
            "title": "couchdb upsert action test",
            "fullTitle": "Couchbase module test couchdb upsert action test",
            "timedOut": false,
            "duration": 1,
            "state": "passed",
            "speed": "fast",
            "pass": true,
            "fail": false,
            "pending": false,
            "code": "couchbase.upsert('parent_999999', {\n    table_type: 'parent',\n    sku: '999999',\n    title: 'couchbase-test'\n}).then(result => {\n    done();\n});",
            "err": {},
            "isRoot": false,
            "uuid": "b50fe5f8-dd66-461a-be71-66d873986b30",
            "isHook": false,
            "skipped": false
          },
          {
            "title": "couchdb partial update action test",
            "fullTitle": "Couchbase module test couchdb partial update action test",
            "timedOut": false,
            "duration": 2,
            "state": "passed",
            "speed": "fast",
            "pass": true,
            "fail": false,
            "pending": false,
            "code": "couchbase.partialUpdate('parent_999999', {\n    name: 'name-test',\n    country: 'nl'\n}).then(result => {\n    done();\n});",
            "err": {},
            "isRoot": false,
            "uuid": "33642e07-8052-4db9-9f7a-d8dfcda13e17",
            "isHook": false,
            "skipped": false
          },
          {
            "title": "couchdb get action test",
            "fullTitle": "Couchbase module test couchdb get action test",
            "timedOut": false,
            "duration": 1,
            "state": "passed",
            "speed": "fast",
            "pass": true,
            "fail": false,
            "pending": false,
            "code": "couchbase.getByCode('parent_999999').then(result => {\n    done();\n});",
            "err": {},
            "isRoot": false,
            "uuid": "fd32a0ba-e591-4f57-996b-a2d161bf53ea",
            "isHook": false,
            "skipped": false
          },
          {
            "title": "couchdb sql query test",
            "fullTitle": "Couchbase module test couchdb sql query test",
            "timedOut": false,
            "duration": 25,
            "state": "passed",
            "speed": "fast",
            "pass": true,
            "fail": false,
            "pending": false,
            "code": "let sql = 'SELECT * FROM `' + config.bucket + '` WHERE `table_type` = $1 OFFSET $2 LIMIT $3';\ncouchbase.dbQuery(sql, ['parent', 0, 1]).then(result => {\n    done();\n});",
            "err": {},
            "isRoot": false,
            "uuid": "2ed2c6f0-60df-4417-9e1a-8f525184b8ab",
            "isHook": false,
            "skipped": false
          },
          {
            "title": "couchdb filter query test",
            "fullTitle": "Couchbase module test couchdb filter query test",
            "timedOut": false,
            "duration": 19,
            "state": "passed",
            "speed": "fast",
            "pass": true,
            "fail": false,
            "pending": false,
            "code": "couchbase.queryByFilters({}, 'update_time DESC', 'bestsellers').then(result => {\n    done();\n});",
            "err": {},
            "isRoot": false,
            "uuid": "d867f4f8-2c93-48f9-8036-637768ab1335",
            "isHook": false,
            "skipped": false
          },
          {
            "title": "couchdb delete action test",
            "fullTitle": "Couchbase module test couchdb delete action test",
            "timedOut": false,
            "duration": 1,
            "state": "passed",
            "speed": "fast",
            "pass": true,
            "fail": false,
            "pending": false,
            "code": "couchbase.removeByCode('parent_999999').then(result => {\n    done();\n});",
            "err": {},
            "isRoot": false,
            "uuid": "e2e82074-83ae-4f70-9c14-36a59f6feda0",
            "isHook": false,
            "skipped": false
          }
        ],
        "suites": [],
        "passes": [
          "7af69384-2553-41a5-9fee-1b9d1d2b0fcd",
          "b50fe5f8-dd66-461a-be71-66d873986b30",
          "33642e07-8052-4db9-9f7a-d8dfcda13e17",
          "fd32a0ba-e591-4f57-996b-a2d161bf53ea",
          "2ed2c6f0-60df-4417-9e1a-8f525184b8ab",
          "d867f4f8-2c93-48f9-8036-637768ab1335",
          "e2e82074-83ae-4f70-9c14-36a59f6feda0"
        ],
        "failures": [],
        "pending": [],
        "skipped": [],
        "duration": 57,
        "root": false,
        "rootEmpty": false,
        "_timeout": 15000
      }
    ],
    "passes": [],
    "failures": [],
    "pending": [],
    "skipped": [],
    "duration": 0,
    "root": true,
    "rootEmpty": true,
    "_timeout": 15000
  },
  "copyrightYear": 2019
}